<?xml version="1.0" encoding="UTF-8"?>
<!-- Generated by org.testng.reporters.JUnitReportReporter -->
<testsuite hostname="DESKTOP-DH0ADGS" failures="0" tests="4" name="testRunner.Runner1" time="113.047" errors="0" timestamp="2024-03-18T21:09:15 IST" skipped="0">
  <testcase classname="testRunner.Runner1" name="runScenario" time="9.357"/>
  <testcase classname="testRunner.Runner1" name="runScenario" time="53.492"/>
  <testcase classname="testRunner.Runner1" name="runScenario" time="34.102"/>
  <testcase classname="testRunner.Runner1" name="runScenario" time="16.096"/>
</testsuite> <!-- testRunner.Runner1 -->
