<?xml version="1.0" encoding="UTF-8"?>
<!-- Generated by org.testng.reporters.JUnitReportReporter -->
<testsuite hostname="DESKTOP-767N599" failures="0" tests="4" name="testRunner.Runner1" time="85.364" errors="0" timestamp="2024-07-04T16:00:05 IST" skipped="0">
  <testcase classname="testRunner.Runner1" name="runScenario" time="14.217"/>
  <testcase classname="testRunner.Runner1" name="runScenario" time="58.649"/>
  <testcase classname="testRunner.Runner1" name="runScenario" time="8.344"/>
  <testcase classname="testRunner.Runner1" name="runScenario" time="4.154"/>
</testsuite> <!-- testRunner.Runner1 -->
