<?xml version="1.0" encoding="UTF-8"?>
<!-- Generated by org.testng.reporters.JUnitReportReporter -->
<testsuite hostname="DESKTOP-767N599" failures="0" tests="1" name="testRunner.Scrollcheck" time="60.994" errors="0" timestamp="2024-07-05T14:52:23 IST" skipped="0">
  <testcase classname="testRunner.Scrollcheck" name="runScenario" time="60.994"/>
</testsuite> <!-- testRunner.Scrollcheck -->
