<?xml version="1.0" encoding="UTF-8"?>
<!-- Generated by org.testng.reporters.JUnitReportReporter -->
<testsuite hostname="DESKTOP-767N599" failures="0" tests="1" name="testRunner.Runner1" time="65.267" errors="0" timestamp="2024-07-08T12:14:00 IST" skipped="0">
  <testcase classname="testRunner.Runner1" name="runScenario" time="65.267"/>
</testsuite> <!-- testRunner.Runner1 -->
