<?xml version="1.0" encoding="UTF-8"?>
<!-- Generated by org.testng.reporters.JUnitReportReporter -->
<testsuite hostname="DESKTOP-767N599" failures="0" tests="1" name="testRunner.Scrollcheck" time="68.918" errors="0" timestamp="2024-07-10T11:18:45 IST" skipped="0">
  <testcase classname="testRunner.Scrollcheck" name="runScenario" time="68.918"/>
</testsuite> <!-- testRunner.Scrollcheck -->
