<?xml version="1.0" encoding="UTF-8"?>
<!-- Generated by org.testng.reporters.JUnitReportReporter -->
<testsuite hostname="DESKTOP-DH0ADGS" failures="0" tests="1" name="testRunner.Runner" time="14.058" errors="0" timestamp="2024-02-27T17:45:00 IST" skipped="0">
  <testcase classname="testRunner.Runner" name="runScenario" time="14.058"/>
</testsuite> <!-- testRunner.Runner -->
